This file contains any messages produced by compilers while
running configure, to aid debugging if configure makes a mistake.

It was created by mcxx configure 1.3.5.8, which was
generated by GNU Autoconf 2.68.  Invocation command line was

  $ ./configure --no-create --no-recursion

## --------- ##
## Platform. ##
## --------- ##

hostname = YGGDRASIL
uname -m = i686
uname -r = 3.2.0-67-generic-pae
uname -s = Linux
uname -v = #101-Ubuntu SMP Tue Jul 15 18:04:54 UTC 2014

/usr/bin/uname -p = unknown
/bin/uname -X     = unknown

/bin/arch              = unknown
/usr/bin/arch -k       = unknown
/usr/convex/getsysinfo = unknown
/usr/bin/hostinfo      = unknown
/bin/machine           = unknown
/usr/bin/oslevel       = unknown
/bin/universe          = unknown

PATH: /usr/local/heroku/bin
PATH: /usr/local/cuda/bin
PATH: /usr/local/bin
PATH: /usr/bin
PATH: /bin
PATH: /usr/games


## ----------- ##
## Core tests. ##
## ----------- ##

configure:2581: checking build system type
configure:2595: result: i686-pc-linux-gnu
configure:2615: checking host system type
configure:2628: result: i686-pc-linux-gnu
configure:2648: checking target system type
configure:2661: result: i686-pc-linux-gnu
configure:2708: checking for a BSD-compatible install
configure:2776: result: /usr/bin/install -c
configure:2787: checking whether build environment is sane
configure:2837: result: yes
configure:2978: checking for a thread-safe mkdir -p
configure:3017: result: /bin/mkdir -p
configure:3030: checking for gawk
configure:3046: found /usr/bin/gawk
configure:3057: result: gawk
configure:3068: checking whether make sets $(MAKE)
configure:3090: result: yes
configure:3183: checking whether make supports nested variables
configure:3200: result: yes
configure:3283: checking for gcc
configure:3299: found /usr/bin/gcc
configure:3310: result: gcc
configure:3539: checking for C compiler version
configure:3548: gcc --version >&5
gcc (Ubuntu/Linaro 4.6.3-1ubuntu5) 4.6.3
Copyright (C) 2011 Free Software Foundation, Inc.
This is free software; see the source for copying conditions.  There is NO
warranty; not even for MERCHANTABILITY or FITNESS FOR A PARTICULAR PURPOSE.

configure:3559: $? = 0
configure:3548: gcc -v >&5
Using built-in specs.
COLLECT_GCC=gcc
COLLECT_LTO_WRAPPER=/usr/lib/gcc/i686-linux-gnu/4.6/lto-wrapper
Target: i686-linux-gnu
Configured with: ../src/configure -v --with-pkgversion='Ubuntu/Linaro 4.6.3-1ubuntu5' --with-bugurl=file:///usr/share/doc/gcc-4.6/README.Bugs --enable-languages=c,c++,fortran,objc,obj-c++ --prefix=/usr --program-suffix=-4.6 --enable-shared --enable-linker-build-id --with-system-zlib --libexecdir=/usr/lib --without-included-gettext --enable-threads=posix --with-gxx-include-dir=/usr/include/c++/4.6 --libdir=/usr/lib --enable-nls --with-sysroot=/ --enable-clocale=gnu --enable-libstdcxx-debug --enable-libstdcxx-time=yes --enable-gnu-unique-object --enable-plugin --enable-objc-gc --enable-targets=all --disable-werror --with-arch-32=i686 --with-tune=generic --enable-checking=release --build=i686-linux-gnu --host=i686-linux-gnu --target=i686-linux-gnu
Thread model: posix
gcc version 4.6.3 (Ubuntu/Linaro 4.6.3-1ubuntu5) 
configure:3559: $? = 0
configure:3548: gcc -V >&5
gcc: error: unrecognized option '-V'
gcc: fatal error: no input files
compilation terminated.
configure:3559: $? = 4
configure:3548: gcc -qversion >&5
gcc: error: unrecognized option '-qversion'
gcc: fatal error: no input files
compilation terminated.
configure:3559: $? = 4
configure:3579: checking whether the C compiler works
configure:3601: gcc    conftest.c  >&5
configure:3605: $? = 0
configure:3653: result: yes
configure:3656: checking for C compiler default output file name
configure:3658: result: a.out
configure:3664: checking for suffix of executables
configure:3671: gcc -o conftest    conftest.c  >&5
configure:3675: $? = 0
configure:3697: result: 
configure:3719: checking whether we are cross compiling
configure:3727: gcc -o conftest    conftest.c  >&5
configure:3731: $? = 0
configure:3738: ./conftest
configure:3742: $? = 0
configure:3757: result: no
configure:3762: checking for suffix of object files
configure:3784: gcc -c   conftest.c >&5
configure:3788: $? = 0
configure:3809: result: o
configure:3813: checking whether we are using the GNU C compiler
configure:3832: gcc -c   conftest.c >&5
configure:3832: $? = 0
configure:3841: result: yes
configure:3850: checking whether gcc accepts -g
configure:3870: gcc -c -g  conftest.c >&5
configure:3870: $? = 0
configure:3911: result: yes
configure:3928: checking for gcc option to accept ISO C89
configure:3992: gcc  -c -g -O2  conftest.c >&5
configure:3992: $? = 0
configure:4005: result: none needed
configure:4036: checking for style of include used by make
configure:4064: result: GNU
configure:4090: checking dependency style of gcc
configure:4201: result: gcc3
configure:4217: checking whether gcc and cc understand -c and -o together
configure:4248: gcc -c conftest.c -o conftest2.o >&5
configure:4252: $? = 0
configure:4258: gcc -c conftest.c -o conftest2.o >&5
configure:4262: $? = 0
configure:4273: cc -c conftest.c >&5
configure:4277: $? = 0
configure:4285: cc -c conftest.c -o conftest2.o >&5
configure:4289: $? = 0
configure:4295: cc -c conftest.c -o conftest2.o >&5
configure:4299: $? = 0
configure:4317: result: yes
configure:4389: checking how to print strings
configure:4416: result: printf
configure:4437: checking for a sed that does not truncate output
configure:4501: result: /bin/sed
configure:4519: checking for grep that handles long lines and -e
configure:4577: result: /bin/grep
configure:4582: checking for egrep
configure:4644: result: /bin/grep -E
configure:4649: checking for fgrep
configure:4711: result: /bin/grep -F
configure:4746: checking for ld used by gcc
configure:4813: result: /usr/bin/ld
configure:4820: checking if the linker (/usr/bin/ld) is GNU ld
configure:4835: result: yes
configure:4847: checking for BSD- or MS-compatible name lister (nm)
configure:4896: result: /usr/bin/nm -B
configure:5026: checking the name lister (/usr/bin/nm -B) interface
configure:5033: gcc -c -g -O2  conftest.c >&5
configure:5036: /usr/bin/nm -B "conftest.o"
configure:5039: output
00000000 B some_variable
configure:5046: result: BSD nm
configure:5049: checking whether ln -s works
configure:5053: result: yes
configure:5061: checking the maximum length of command line arguments
configure:5191: result: 805306365
configure:5208: checking whether the shell understands some XSI constructs
configure:5218: result: yes
configure:5222: checking whether the shell understands "+="
configure:5228: result: yes
configure:5263: checking how to convert i686-pc-linux-gnu file names to i686-pc-linux-gnu format
configure:5303: result: func_convert_file_noop
configure:5310: checking how to convert i686-pc-linux-gnu file names to toolchain format
configure:5330: result: func_convert_file_noop
configure:5337: checking for /usr/bin/ld option to reload object files
configure:5344: result: -r
configure:5418: checking for objdump
configure:5434: found /usr/bin/objdump
configure:5445: result: objdump
configure:5477: checking how to recognize dependent libraries
configure:5679: result: pass_all
configure:5764: checking for dlltool
configure:5794: result: no
configure:5824: checking how to associate runtime and link libraries
configure:5851: result: printf %s\n
configure:5912: checking for ar
configure:5928: found /usr/bin/ar
configure:5939: result: ar
configure:5976: checking for archiver @FILE support
configure:5993: gcc -c -g -O2  conftest.c >&5
configure:5993: $? = 0
configure:5996: ar cru libconftest.a @conftest.lst >&5
configure:5999: $? = 0
configure:6004: ar cru libconftest.a @conftest.lst >&5
ar: conftest.o: No such file or directory
configure:6007: $? = 1
configure:6019: result: @
configure:6077: checking for strip
configure:6093: found /usr/bin/strip
configure:6104: result: strip
configure:6176: checking for ranlib
configure:6192: found /usr/bin/ranlib
configure:6203: result: ranlib
configure:6305: checking command to parse /usr/bin/nm -B output from gcc object
configure:6425: gcc -c -g -O2  conftest.c >&5
configure:6428: $? = 0
configure:6432: /usr/bin/nm -B conftest.o \| sed -n -e 's/^.*[ ]\([ABCDGIRSTW][ABCDGIRSTW]*\)[ ][ ]*\([_A-Za-z][_A-Za-z0-9]*\)$/\1 \2 \2/p' | sed '/ __gnu_lto/d' \> conftest.nm
configure:6435: $? = 0
configure:6501: gcc -o conftest -g -O2   conftest.c conftstm.o >&5
configure:6504: $? = 0
configure:6542: result: ok
configure:6579: checking for sysroot
configure:6609: result: no
configure:6865: checking for mt
configure:6881: found /bin/mt
configure:6892: result: mt
configure:6915: checking if mt is a manifest tool
configure:6921: mt '-?'
configure:6929: result: no
configure:7571: checking how to run the C preprocessor
configure:7602: gcc -E  conftest.c
configure:7602: $? = 0
configure:7616: gcc -E  conftest.c
conftest.c:11:28: fatal error: ac_nonexistent.h: No such file or directory
compilation terminated.
configure:7616: $? = 1
configure: failed program was:
| /* confdefs.h */
| #define PACKAGE_NAME "mcxx"
| #define PACKAGE_TARNAME "mcxx"
| #define PACKAGE_VERSION "1.3.5.8"
| #define PACKAGE_STRING "mcxx 1.3.5.8"
| #define PACKAGE_BUGREPORT "rferrer@ac.upc.edu"
| #define PACKAGE_URL ""
| #define PACKAGE "mcxx"
| #define VERSION "1.3.5.8"
| /* end confdefs.h.  */
| #include <ac_nonexistent.h>
configure:7641: result: gcc -E
configure:7661: gcc -E  conftest.c
configure:7661: $? = 0
configure:7675: gcc -E  conftest.c
conftest.c:11:28: fatal error: ac_nonexistent.h: No such file or directory
compilation terminated.
configure:7675: $? = 1
configure: failed program was:
| /* confdefs.h */
| #define PACKAGE_NAME "mcxx"
| #define PACKAGE_TARNAME "mcxx"
| #define PACKAGE_VERSION "1.3.5.8"
| #define PACKAGE_STRING "mcxx 1.3.5.8"
| #define PACKAGE_BUGREPORT "rferrer@ac.upc.edu"
| #define PACKAGE_URL ""
| #define PACKAGE "mcxx"
| #define VERSION "1.3.5.8"
| /* end confdefs.h.  */
| #include <ac_nonexistent.h>
configure:7704: checking for ANSI C header files
configure:7724: gcc -c -g -O2  conftest.c >&5
configure:7724: $? = 0
configure:7797: gcc -o conftest -g -O2   conftest.c  >&5
configure:7797: $? = 0
configure:7797: ./conftest
configure:7797: $? = 0
configure:7808: result: yes
configure:7821: checking for sys/types.h
configure:7821: gcc -c -g -O2  conftest.c >&5
configure:7821: $? = 0
configure:7821: result: yes
configure:7821: checking for sys/stat.h
configure:7821: gcc -c -g -O2  conftest.c >&5
configure:7821: $? = 0
configure:7821: result: yes
configure:7821: checking for stdlib.h
configure:7821: gcc -c -g -O2  conftest.c >&5
configure:7821: $? = 0
configure:7821: result: yes
configure:7821: checking for string.h
configure:7821: gcc -c -g -O2  conftest.c >&5
configure:7821: $? = 0
configure:7821: result: yes
configure:7821: checking for memory.h
configure:7821: gcc -c -g -O2  conftest.c >&5
configure:7821: $? = 0
configure:7821: result: yes
configure:7821: checking for strings.h
configure:7821: gcc -c -g -O2  conftest.c >&5
configure:7821: $? = 0
configure:7821: result: yes
configure:7821: checking for inttypes.h
configure:7821: gcc -c -g -O2  conftest.c >&5
configure:7821: $? = 0
configure:7821: result: yes
configure:7821: checking for stdint.h
configure:7821: gcc -c -g -O2  conftest.c >&5
configure:7821: $? = 0
configure:7821: result: yes
configure:7821: checking for unistd.h
configure:7821: gcc -c -g -O2  conftest.c >&5
configure:7821: $? = 0
configure:7821: result: yes
configure:7835: checking for dlfcn.h
configure:7835: gcc -c -g -O2  conftest.c >&5
configure:7835: $? = 0
configure:7835: result: yes
configure:8040: checking for objdir
configure:8055: result: .libs
configure:8326: checking if gcc supports -fno-rtti -fno-exceptions
configure:8344: gcc -c -g -O2  -fno-rtti -fno-exceptions conftest.c >&5
cc1: warning: command line option '-fno-rtti' is valid for C++/ObjC++ but not for C [enabled by default]
configure:8348: $? = 0
configure:8361: result: no
configure:8688: checking for gcc option to produce PIC
configure:8695: result: -fPIC -DPIC
configure:8703: checking if gcc PIC flag -fPIC -DPIC works
configure:8721: gcc -c -g -O2  -fPIC -DPIC -DPIC conftest.c >&5
configure:8725: $? = 0
configure:8738: result: yes
configure:8767: checking if gcc static flag -static works
configure:8795: result: yes
configure:8810: checking if gcc supports -c -o file.o
configure:8831: gcc -c -g -O2  -o out/conftest2.o conftest.c >&5
configure:8835: $? = 0
configure:8857: result: yes
configure:8865: checking if gcc supports -c -o file.o
configure:8912: result: yes
configure:8945: checking whether the gcc linker (/usr/bin/ld) supports shared libraries
configure:10102: result: yes
configure:10139: checking whether -lc should be explicitly linked in
configure:10147: gcc -c -g -O2  conftest.c >&5
configure:10150: $? = 0
configure:10165: gcc -shared  -fPIC -DPIC conftest.o  -v -Wl,-soname -Wl,conftest -o conftest 2\>\&1 \| /bin/grep  -lc  \>/dev/null 2\>\&1
configure:10168: $? = 0
configure:10182: result: no
configure:10342: checking dynamic linker characteristics
configure:10853: gcc -o conftest -g -O2   -Wl,-rpath -Wl,/foo conftest.c  >&5
configure:10853: $? = 0
configure:11087: result: GNU/Linux ld.so
configure:11194: checking how to hardcode library paths into programs
configure:11219: result: immediate
configure:11759: checking whether stripping libraries is possible
configure:11764: result: yes
configure:11799: checking if libtool supports shared libraries
configure:11801: result: yes
configure:11804: checking whether to build shared libraries
configure:11825: result: yes
configure:11828: checking whether to build static libraries
configure:11832: result: no
configure:11875: checking how to run the C preprocessor
configure:11945: result: gcc -E
configure:11965: gcc -E  conftest.c
configure:11965: $? = 0
configure:11979: gcc -E  conftest.c
conftest.c:23:28: fatal error: ac_nonexistent.h: No such file or directory
compilation terminated.
configure:11979: $? = 1
configure: failed program was:
| /* confdefs.h */
| #define PACKAGE_NAME "mcxx"
| #define PACKAGE_TARNAME "mcxx"
| #define PACKAGE_VERSION "1.3.5.8"
| #define PACKAGE_STRING "mcxx 1.3.5.8"
| #define PACKAGE_BUGREPORT "rferrer@ac.upc.edu"
| #define PACKAGE_URL ""
| #define PACKAGE "mcxx"
| #define VERSION "1.3.5.8"
| #define STDC_HEADERS 1
| #define HAVE_SYS_TYPES_H 1
| #define HAVE_SYS_STAT_H 1
| #define HAVE_STDLIB_H 1
| #define HAVE_STRING_H 1
| #define HAVE_MEMORY_H 1
| #define HAVE_STRINGS_H 1
| #define HAVE_INTTYPES_H 1
| #define HAVE_STDINT_H 1
| #define HAVE_UNISTD_H 1
| #define HAVE_DLFCN_H 1
| #define LT_OBJDIR ".libs/"
| /* end confdefs.h.  */
| #include <ac_nonexistent.h>
configure:12066: checking for g++
configure:12082: found /usr/bin/g++
configure:12093: result: g++
configure:12120: checking for C++ compiler version
configure:12129: g++ --version >&5
g++ (Ubuntu/Linaro 4.6.3-1ubuntu5) 4.6.3
Copyright (C) 2011 Free Software Foundation, Inc.
This is free software; see the source for copying conditions.  There is NO
warranty; not even for MERCHANTABILITY or FITNESS FOR A PARTICULAR PURPOSE.

configure:12140: $? = 0
configure:12129: g++ -v >&5
Using built-in specs.
COLLECT_GCC=g++
COLLECT_LTO_WRAPPER=/usr/lib/gcc/i686-linux-gnu/4.6/lto-wrapper
Target: i686-linux-gnu
Configured with: ../src/configure -v --with-pkgversion='Ubuntu/Linaro 4.6.3-1ubuntu5' --with-bugurl=file:///usr/share/doc/gcc-4.6/README.Bugs --enable-languages=c,c++,fortran,objc,obj-c++ --prefix=/usr --program-suffix=-4.6 --enable-shared --enable-linker-build-id --with-system-zlib --libexecdir=/usr/lib --without-included-gettext --enable-threads=posix --with-gxx-include-dir=/usr/include/c++/4.6 --libdir=/usr/lib --enable-nls --with-sysroot=/ --enable-clocale=gnu --enable-libstdcxx-debug --enable-libstdcxx-time=yes --enable-gnu-unique-object --enable-plugin --enable-objc-gc --enable-targets=all --disable-werror --with-arch-32=i686 --with-tune=generic --enable-checking=release --build=i686-linux-gnu --host=i686-linux-gnu --target=i686-linux-gnu
Thread model: posix
gcc version 4.6.3 (Ubuntu/Linaro 4.6.3-1ubuntu5) 
configure:12140: $? = 0
configure:12129: g++ -V >&5
g++: error: unrecognized option '-V'
g++: fatal error: no input files
compilation terminated.
configure:12140: $? = 4
configure:12129: g++ -qversion >&5
g++: error: unrecognized option '-qversion'
g++: fatal error: no input files
compilation terminated.
configure:12140: $? = 4
configure:12144: checking whether we are using the GNU C++ compiler
configure:12163: g++ -c   conftest.cpp >&5
configure:12163: $? = 0
configure:12172: result: yes
configure:12181: checking whether g++ accepts -g
configure:12201: g++ -c -g  conftest.cpp >&5
configure:12201: $? = 0
configure:12242: result: yes
configure:12267: checking dependency style of g++
configure:12378: result: gcc3
configure:12411: checking how to run the C++ preprocessor
configure:12438: g++ -E  conftest.cpp
configure:12438: $? = 0
configure:12452: g++ -E  conftest.cpp
conftest.cpp:23:28: fatal error: ac_nonexistent.h: No such file or directory
compilation terminated.
configure:12452: $? = 1
configure: failed program was:
| /* confdefs.h */
| #define PACKAGE_NAME "mcxx"
| #define PACKAGE_TARNAME "mcxx"
| #define PACKAGE_VERSION "1.3.5.8"
| #define PACKAGE_STRING "mcxx 1.3.5.8"
| #define PACKAGE_BUGREPORT "rferrer@ac.upc.edu"
| #define PACKAGE_URL ""
| #define PACKAGE "mcxx"
| #define VERSION "1.3.5.8"
| #define STDC_HEADERS 1
| #define HAVE_SYS_TYPES_H 1
| #define HAVE_SYS_STAT_H 1
| #define HAVE_STDLIB_H 1
| #define HAVE_STRING_H 1
| #define HAVE_MEMORY_H 1
| #define HAVE_STRINGS_H 1
| #define HAVE_INTTYPES_H 1
| #define HAVE_STDINT_H 1
| #define HAVE_UNISTD_H 1
| #define HAVE_DLFCN_H 1
| #define LT_OBJDIR ".libs/"
| /* end confdefs.h.  */
| #include <ac_nonexistent.h>
configure:12477: result: g++ -E
configure:12497: g++ -E  conftest.cpp
configure:12497: $? = 0
configure:12511: g++ -E  conftest.cpp
conftest.cpp:23:28: fatal error: ac_nonexistent.h: No such file or directory
compilation terminated.
configure:12511: $? = 1
configure: failed program was:
| /* confdefs.h */
| #define PACKAGE_NAME "mcxx"
| #define PACKAGE_TARNAME "mcxx"
| #define PACKAGE_VERSION "1.3.5.8"
| #define PACKAGE_STRING "mcxx 1.3.5.8"
| #define PACKAGE_BUGREPORT "rferrer@ac.upc.edu"
| #define PACKAGE_URL ""
| #define PACKAGE "mcxx"
| #define VERSION "1.3.5.8"
| #define STDC_HEADERS 1
| #define HAVE_SYS_TYPES_H 1
| #define HAVE_SYS_STAT_H 1
| #define HAVE_STDLIB_H 1
| #define HAVE_STRING_H 1
| #define HAVE_MEMORY_H 1
| #define HAVE_STRINGS_H 1
| #define HAVE_INTTYPES_H 1
| #define HAVE_STDINT_H 1
| #define HAVE_UNISTD_H 1
| #define HAVE_DLFCN_H 1
| #define LT_OBJDIR ".libs/"
| /* end confdefs.h.  */
| #include <ac_nonexistent.h>
configure:12680: checking for ld used by g++
configure:12747: result: /usr/bin/ld
configure:12754: checking if the linker (/usr/bin/ld) is GNU ld
configure:12769: result: yes
configure:12824: checking whether the g++ linker (/usr/bin/ld) supports shared libraries
configure:13829: result: yes
configure:13865: g++ -c -g -O2  conftest.cpp >&5
configure:13868: $? = 0
configure:14388: checking for g++ option to produce PIC
configure:14395: result: -fPIC -DPIC
configure:14403: checking if g++ PIC flag -fPIC -DPIC works
configure:14421: g++ -c -g -O2  -fPIC -DPIC -DPIC conftest.cpp >&5
configure:14425: $? = 0
configure:14438: result: yes
configure:14461: checking if g++ static flag -static works
configure:14489: result: yes
configure:14501: checking if g++ supports -c -o file.o
configure:14522: g++ -c -g -O2  -o out/conftest2.o conftest.cpp >&5
configure:14526: $? = 0
configure:14548: result: yes
configure:14553: checking if g++ supports -c -o file.o
configure:14600: result: yes
configure:14630: checking whether the g++ linker (/usr/bin/ld) supports shared libraries
configure:14669: result: yes
configure:14810: checking dynamic linker characteristics
configure:15489: result: GNU/Linux ld.so
configure:15542: checking how to hardcode library paths into programs
configure:15567: result: immediate
configure:15608: checking for a sed that does not truncate output
configure:15672: result: /bin/sed
configure:15678: checking whether ln -s works
configure:15682: result: yes
configure:15692: checking for bash
configure:15722: result: /bin/bash
configure:15764: checking for a Python interpreter with version >= 2.4
configure:15781: python -c import sys # split strings by '.' and convert to numeric. Append some zeros # because we need at least 4 digits for the hex conversion. # map returns an iterator in Python 3.0 and a list in 2.x minver = list(map(int, '2.4'.split('.'))) + [0, 0, 0] minverhex = 0 # xrange is not present in Python 3.0 and range returns an iterator for i in list(range(0, 4)): minverhex = (minverhex << 8) + minver[i] sys.exit(sys.hexversion < minverhex)
configure:15784: $? = 0
configure:15790: result: python
configure:15798: checking for python
configure:15816: found /usr/bin/python
configure:15828: result: /usr/bin/python
configure:15846: checking for python version
configure:15853: result: 2.7
configure:15865: checking for python platform
configure:15872: result: linux2
configure:15879: checking for python script directory
configure:15907: result: ${prefix}/lib/python2.7/dist-packages
configure:15916: checking for python extension module directory
configure:15944: result: ${exec_prefix}/lib/python2.7/dist-packages
configure:15974: checking whether gcc is new enough
configure:15992: gcc -c -g -O2  conftest.c >&5
configure:15992: $? = 0
configure:15993: result: ok
configure:16012: checking if enabled Fortran support in the compiler
configure:16034: result: no
configure:16120: checking for pkg-config
configure:16138: found /usr/bin/pkg-config
configure:16150: result: /usr/bin/pkg-config
configure:16175: checking pkg-config is at least version 0.9.0
configure:16178: result: yes
configure:16267: checking if enabled OpenMPT (ENCORE) support in the compiler
configure:16289: result: no
configure:16296: checking if enabled OpenMPSs (ENCORE) support in the compiler
configure:16318: result: no
configure:16328: checking if enabled OpenMP TL support for Nanos++
configure:16357: result: no
configure:16431: checking whether used installation of Nanos++ has instrumentation support
configure:16444: result: no, Nanos++ library directori does not exist
configure:16455: checking if Nanos++ regions support is enabled
configure:16507: result: no, disabled by default
configure:16522: checking if SSE 4.1 support is enabled
configure:16547: result: yes (CPU supports SSE 4.1)
configure:16567: checking if the use of GPU devices was disabled
configure:16590: result: no
configure:16618: checking for nvcc
configure:16636: found /usr/local/cuda/bin/nvcc
configure:16648: result: /usr/local/cuda/bin/nvcc
configure:16709: checking if enabled OpenMP TL support for Nanos 4
configure:16732: result: no
configure:16801: checking if enabled OpenMP profile mode
configure:16823: result: no
configure:17042: checking if enabled Mintaka instrumentation TL support
configure:17065: result: no
configure:17130: checking if enabled Nebelung STM TL support
configure:17153: result: no
configure:17229: checking if Cell/SMP superscalar TL support is enabled
configure:17259: result: no
configure:17273: checking which Cell/SMP superscalar runtime API version to use
configure:17374: result: none
configure:17387: checking if binaries should be installed in pkgdir
configure:17413: result: no
configure:17587: checking for flex
configure:17603: found /usr/bin/flex
configure:17615: result: flex
configure:17628: checking flex version
configure:17633: result: 2.5.35
configure:17688: checking for bison
configure:17704: found /usr/bin/bison
configure:17716: result: bison
configure:17729: checking bison version
configure:17734: result: 2.5
configure:17788: checking for gperf
configure:17804: found /usr/bin/gperf
configure:17816: result: gperf
configure:17829: checking gperf version
configure:17834: result: 3.0.3
configure:17888: checking default typing environment
configure:17949: result: linux-i386
configure:17961: checking if environment is Win32
configure:17979: result: no
configure:17995: checking for ANSI C header files
configure:18099: result: yes
configure:18109: checking for stdint.h
configure:18109: result: yes
configure:18121: checking for string.h
configure:18121: result: yes
configure:18132: checking for an ANSI C-conforming const
configure:18197: gcc -c -g -O2  conftest.c >&5
configure:18197: $? = 0
configure:18204: result: yes
configure:18213: checking for open_memstream
configure:18213: gcc -o conftest -g -O2   conftest.c  >&5
configure:18213: $? = 0
configure:18213: result: yes
configure:18221: checking for library containing mallinfo
configure:18252: gcc -o conftest -g -O2   conftest.c  >&5
configure:18252: $? = 0
configure:18269: result: none required
configure:18282: checking for mkdtemp
configure:18282: gcc -o conftest -g -O2   conftest.c  >&5
configure:18282: $? = 0
configure:18282: result: yes
configure:18308: checking for strsignal
configure:18308: gcc -o conftest -g -O2   conftest.c  >&5
configure:18308: $? = 0
configure:18308: result: yes
configure:18333: checking for git
configure:18351: found /usr/bin/git
configure:18363: result: /usr/bin/git
configure:18371: checking revision of git repository
/usr/bin/git .
configure:18385: result: "git d23a791 2014-08-14 17:26:11 +0700 developer version"
configure:18602: creating ./config.status

## ---------------- ##
## Cache variables. ##
## ---------------- ##

ac_cv_build=i686-pc-linux-gnu
ac_cv_c_compiler_gnu=yes
ac_cv_c_const=yes
ac_cv_cxx_compiler_gnu=yes
ac_cv_env_BISON_set=
ac_cv_env_BISON_value=
ac_cv_env_CCC_set=
ac_cv_env_CCC_value=
ac_cv_env_CC_set=
ac_cv_env_CC_value=
ac_cv_env_CFLAGS_set=
ac_cv_env_CFLAGS_value=
ac_cv_env_CPPFLAGS_set=
ac_cv_env_CPPFLAGS_value=
ac_cv_env_CPP_set=
ac_cv_env_CPP_value=
ac_cv_env_CXXCPP_set=
ac_cv_env_CXXCPP_value=
ac_cv_env_CXXFLAGS_set=
ac_cv_env_CXXFLAGS_value=
ac_cv_env_CXX_set=
ac_cv_env_CXX_value=
ac_cv_env_FLEX_set=
ac_cv_env_FLEX_value=
ac_cv_env_GIT_set=
ac_cv_env_GIT_value=
ac_cv_env_GPERF_set=
ac_cv_env_GPERF_value=
ac_cv_env_GXLCXX_set=
ac_cv_env_GXLCXX_value=
ac_cv_env_GXLC_set=
ac_cv_env_GXLC_value=
ac_cv_env_ICC_set=
ac_cv_env_ICC_value=
ac_cv_env_ICPC_set=
ac_cv_env_ICPC_value=
ac_cv_env_LDFLAGS_set=
ac_cv_env_LDFLAGS_value=
ac_cv_env_LIBS_set=
ac_cv_env_LIBS_value=
ac_cv_env_NVCC_set=
ac_cv_env_NVCC_value=
ac_cv_env_PKG_CONFIG_LIBDIR_set=
ac_cv_env_PKG_CONFIG_LIBDIR_value=
ac_cv_env_PKG_CONFIG_PATH_set=
ac_cv_env_PKG_CONFIG_PATH_value=
ac_cv_env_PKG_CONFIG_set=
ac_cv_env_PKG_CONFIG_value=
ac_cv_env_PYTHON_set=
ac_cv_env_PYTHON_value=
ac_cv_env_build_alias_set=
ac_cv_env_build_alias_value=
ac_cv_env_host_alias_set=
ac_cv_env_host_alias_value=
ac_cv_env_sqlite3_CFLAGS_set=
ac_cv_env_sqlite3_CFLAGS_value=
ac_cv_env_sqlite3_LIBS_set=
ac_cv_env_sqlite3_LIBS_value=
ac_cv_env_target_alias_set=
ac_cv_env_target_alias_value=
ac_cv_func_mkdtemp=yes
ac_cv_func_open_memstream=yes
ac_cv_func_strsignal=yes
ac_cv_header_dlfcn_h=yes
ac_cv_header_inttypes_h=yes
ac_cv_header_memory_h=yes
ac_cv_header_stdc=yes
ac_cv_header_stdint_h=yes
ac_cv_header_stdlib_h=yes
ac_cv_header_string_h=yes
ac_cv_header_strings_h=yes
ac_cv_header_sys_stat_h=yes
ac_cv_header_sys_types_h=yes
ac_cv_header_unistd_h=yes
ac_cv_host=i686-pc-linux-gnu
ac_cv_objext=o
ac_cv_path_BASH=/bin/bash
ac_cv_path_EGREP='/bin/grep -E'
ac_cv_path_FGREP='/bin/grep -F'
ac_cv_path_GIT=/usr/bin/git
ac_cv_path_GREP=/bin/grep
ac_cv_path_NVCC=/usr/local/cuda/bin/nvcc
ac_cv_path_PYTHON=/usr/bin/python
ac_cv_path_SED=/bin/sed
ac_cv_path_ac_pt_PKG_CONFIG=/usr/bin/pkg-config
ac_cv_path_install='/usr/bin/install -c'
ac_cv_path_mkdir=/bin/mkdir
ac_cv_prog_AWK=gawk
ac_cv_prog_BISON=bison
ac_cv_prog_CPP='gcc -E'
ac_cv_prog_CXXCPP='g++ -E'
ac_cv_prog_FLEX=flex
ac_cv_prog_GPERF=gperf
ac_cv_prog_ac_ct_AR=ar
ac_cv_prog_ac_ct_CC=gcc
ac_cv_prog_ac_ct_CXX=g++
ac_cv_prog_ac_ct_MANIFEST_TOOL=mt
ac_cv_prog_ac_ct_OBJDUMP=objdump
ac_cv_prog_ac_ct_RANLIB=ranlib
ac_cv_prog_ac_ct_STRIP=strip
ac_cv_prog_cc_c89=
ac_cv_prog_cc_g=yes
ac_cv_prog_cc_gcc_c_o=yes
ac_cv_prog_cxx_g=yes
ac_cv_prog_make_make_set=yes
ac_cv_search_mallinfo='none required'
ac_cv_target=i686-pc-linux-gnu
am_cv_CC_dependencies_compiler_type=gcc3
am_cv_CXX_dependencies_compiler_type=gcc3
am_cv_make_support_nested_variables=yes
am_cv_pathless_PYTHON=python
am_cv_python_platform=linux2
am_cv_python_pyexecdir='${exec_prefix}/lib/python2.7/dist-packages'
am_cv_python_pythondir='${prefix}/lib/python2.7/dist-packages'
am_cv_python_version=2.7
lt_cv_ar_at_file=@
lt_cv_archive_cmds_need_lc=no
lt_cv_deplibs_check_method=pass_all
lt_cv_file_magic_cmd='$MAGIC_CMD'
lt_cv_file_magic_test_file=
lt_cv_ld_reload_flag=-r
lt_cv_nm_interface='BSD nm'
lt_cv_objdir=.libs
lt_cv_path_LD=/usr/bin/ld
lt_cv_path_LDCXX=/usr/bin/ld
lt_cv_path_NM='/usr/bin/nm -B'
lt_cv_path_mainfest_tool=no
lt_cv_prog_compiler_c_o=yes
lt_cv_prog_compiler_c_o_CXX=yes
lt_cv_prog_compiler_pic='-fPIC -DPIC'
lt_cv_prog_compiler_pic_CXX='-fPIC -DPIC'
lt_cv_prog_compiler_pic_works=yes
lt_cv_prog_compiler_pic_works_CXX=yes
lt_cv_prog_compiler_rtti_exceptions=no
lt_cv_prog_compiler_static_works=yes
lt_cv_prog_compiler_static_works_CXX=yes
lt_cv_prog_gnu_ld=yes
lt_cv_prog_gnu_ldcxx=yes
lt_cv_sharedlib_from_linklib_cmd='printf %s\n'
lt_cv_shlibpath_overrides_runpath=no
lt_cv_sys_global_symbol_pipe='sed -n -e '\''s/^.*[	 ]\([ABCDGIRSTW][ABCDGIRSTW]*\)[	 ][	 ]*\([_A-Za-z][_A-Za-z0-9]*\)$/\1 \2 \2/p'\'' | sed '\''/ __gnu_lto/d'\'''
lt_cv_sys_global_symbol_to_c_name_address='sed -n -e '\''s/^: \([^ ]*\)[ ]*$/  {\"\1\", (void *) 0},/p'\'' -e '\''s/^[ABCDGIRSTW]* \([^ ]*\) \([^ ]*\)$/  {"\2", (void *) \&\2},/p'\'''
lt_cv_sys_global_symbol_to_c_name_address_lib_prefix='sed -n -e '\''s/^: \([^ ]*\)[ ]*$/  {\"\1\", (void *) 0},/p'\'' -e '\''s/^[ABCDGIRSTW]* \([^ ]*\) \(lib[^ ]*\)$/  {"\2", (void *) \&\2},/p'\'' -e '\''s/^[ABCDGIRSTW]* \([^ ]*\) \([^ ]*\)$/  {"lib\2", (void *) \&\2},/p'\'''
lt_cv_sys_global_symbol_to_cdecl='sed -n -e '\''s/^T .* \(.*\)$/extern int \1();/p'\'' -e '\''s/^[ABCDGIRSTW]* .* \(.*\)$/extern char \1;/p'\'''
lt_cv_sys_max_cmd_len=805306365
lt_cv_to_host_file_cmd=func_convert_file_noop
lt_cv_to_tool_file_cmd=func_convert_file_noop

## ----------------- ##
## Output variables. ##
## ----------------- ##

ACLOCAL='${SHELL} /home/remixman/Desktop/mcxx/missing --run aclocal-1.11'
AMDEPBACKSLASH='\'
AMDEP_FALSE='#'
AMDEP_TRUE=''
AMTAR='$${TAR-tar}'
AM_BACKSLASH='\'
AM_DEFAULT_V='$(AM_DEFAULT_VERBOSITY)'
AM_DEFAULT_VERBOSITY='0'
AM_V='$(V)'
AR='ar'
AUTOCONF='${SHELL} /home/remixman/Desktop/mcxx/missing --run autoconf'
AUTOHEADER='${SHELL} /home/remixman/Desktop/mcxx/missing --run autoheader'
AUTOMAKE='${SHELL} /home/remixman/Desktop/mcxx/missing --run automake-1.11'
AWK='gawk'
BASH='/bin/bash'
BISON='bison'
BISON_BUILDING_FALSE='#'
BISON_BUILDING_TRUE=''
CC='gcc'
CCDEPMODE='depmode=gcc3'
CC_FOR_BUILD='gcc'
CFLAGS='-g -O2'
COMPILER_NAMES='plaincxx plaincc mnvcc mnvcxx'
CPP='gcc -E'
CPPFLAGS=''
CUDA_INCLUDES='/usr/local/cuda/include'
CUDA_LIBS='/usr/local/cuda/lib'
CXX='g++'
CXXCPP='g++ -E'
CXXDEPMODE='depmode=gcc3'
CXXFLAGS='-g -O2'
CYGPATH_W='echo'
DEFS='-DHAVE_CONFIG_H'
DEPDIR='.deps'
DLLTOOL='false'
DSYMUTIL=''
DUMPBIN=''
ECHO_C=''
ECHO_N='-n'
ECHO_T=''
EGREP='/bin/grep -E'
ENABLE_PKGLIB_INSTALL_FALSE=''
ENABLE_PKGLIB_INSTALL_TRUE='#'
ENABLE_SUPERSCALAR='no'
ENABLE_SUPERSCALAR_TESTS='no'
EXEEXT=''
FGREP='/bin/grep -F'
FLEX='flex'
FLEX_BUILDING_FALSE='#'
FLEX_BUILDING_TRUE=''
FORTRAN_SUPPORT_FALSE=''
FORTRAN_SUPPORT_TRUE='#'
FRONTEND_EXTENSIONS=''
GIT='/usr/bin/git'
GPERF='gperf'
GPERF_BUILDING_FALSE='#'
GPERF_BUILDING_TRUE=''
GREP='/bin/grep'
GXLC=''
GXLCXX=''
ICC=''
ICPC=''
INSTALL_CONFIG_FILES='00.config.plain 55.config.omp.nvidia'
INSTALL_DATA='${INSTALL} -m 644'
INSTALL_PROGRAM='${INSTALL}'
INSTALL_SCRIPT='${INSTALL}'
INSTALL_STRIP_PROGRAM='$(install_sh) -c -s'
INSTRUMENTATION_PHASE=''
LD='/usr/bin/ld'
LDFLAGS=''
LIBOBJS=''
LIBS=''
LIBTOOL='$(SHELL) $(top_builddir)/libtool'
LIPO=''
LN_S='ln -s'
LTLIBOBJS=''
MAKEINFO='${SHELL} /home/remixman/Desktop/mcxx/missing --run makeinfo'
MANIFEST_TOOL=':'
MINTAKA_INCLUDES=''
MINTAKA_LIBS=''
MKDIR_P='/bin/mkdir -p'
NANOS4_32_BIT_COMPAT=''
NANOS4_INCLUDES=''
NANOS4_LIBS=''
NANOX_GPU_SUPPORT_FALSE='#'
NANOX_GPU_SUPPORT_TRUE=''
NANOX_INCLUDES=''
NANOX_INSTRUMENTATION=''
NANOX_LIBS=''
NANOX_REGIONS='no'
NANOX_SSE='yes'
NEBELUNG_INCLUDES=''
NEBELUNG_LIBS=''
NM='/usr/bin/nm -B'
NMEDIT=''
NVCC='/usr/local/cuda/bin/nvcc'
OBJDUMP='objdump'
OBJEXT='o'
OTOOL64=''
OTOOL=''
PACKAGE='mcxx'
PACKAGE_BUGREPORT='rferrer@ac.upc.edu'
PACKAGE_NAME='mcxx'
PACKAGE_STRING='mcxx 1.3.5.8'
PACKAGE_TARNAME='mcxx'
PACKAGE_URL=''
PACKAGE_VERSION='1.3.5.8'
PATH_SEPARATOR=':'
PKG_CONFIG='/usr/bin/pkg-config'
PKG_CONFIG_LIBDIR=''
PKG_CONFIG_PATH=''
PYTHON='/usr/bin/python'
PYTHON_EXEC_PREFIX='${exec_prefix}'
PYTHON_PLATFORM='linux2'
PYTHON_PREFIX='${prefix}'
PYTHON_VERSION='2.7'
RANLIB='ranlib'
RPATH_PARAMETER='-rpath'
RUNNING_DISTCHECK_FALSE=''
RUNNING_DISTCHECK_TRUE='#'
SED='/bin/sed'
SET_MAKE=''
SHELL='/bin/bash'
STRIP='strip'
SUPERSCALAR_INCLUDES='NONE/include'
SUPERSCALAR_LIBS='NONE/lib'
SUPPORTED_SILENT_RULES_FALSE='#'
SUPPORTED_SILENT_RULES_TRUE=''
TL_EXTENSIONS=''
TL_OMP_EXTENSIONS=''
TPP_BUILDING_FALSE='#'
TPP_BUILDING_TRUE=''
USE_TL_SUPERSCALAR_V3_FALSE=''
USE_TL_SUPERSCALAR_V3_TRUE='#'
USE_TL_SUPERSCALAR_V4_FALSE=''
USE_TL_SUPERSCALAR_V4_TRUE='#'
USE_TL_SUPERSCALAR_V5_FALSE=''
USE_TL_SUPERSCALAR_V5_TRUE='#'
VERSION='1.3.5.8'
WIN32_NO_UNDEFINED=''
WINDOWS_BUILD_FALSE=''
WINDOWS_BUILD_TRUE='#'
ac_ct_AR='ar'
ac_ct_CC='gcc'
ac_ct_CXX='g++'
ac_ct_DUMPBIN=''
am__EXEEXT_FALSE=''
am__EXEEXT_TRUE='#'
am__fastdepCC_FALSE='#'
am__fastdepCC_TRUE=''
am__fastdepCXX_FALSE='#'
am__fastdepCXX_TRUE=''
am__include='include'
am__isrc=''
am__leading_dot='.'
am__nodep='_no'
am__quote=''
am__tar='$${TAR-tar} chof - "$$tardir"'
am__untar='$${TAR-tar} xf -'
bindir='${exec_prefix}/bin'
build='i686-pc-linux-gnu'
build_alias=''
build_cpu='i686'
build_os='linux-gnu'
build_vendor='pc'
datadir='${datarootdir}'
datarootdir='${prefix}/share'
docdir='${datarootdir}/doc/${PACKAGE_TARNAME}'
dvidir='${docdir}'
exec_prefix='${prefix}'
fortran_enabled='no'
gpu_valid='yes'
host='i686-pc-linux-gnu'
host_alias=''
host_cpu='i686'
host_os='linux-gnu'
host_vendor='pc'
htmldir='${docdir}'
includedir='${prefix}/include'
infodir='${datarootdir}/info'
install_sh='${SHELL} /home/remixman/Desktop/mcxx/install-sh'
libdir='${exec_prefix}/lib'
libexecdir='${exec_prefix}/libexec'
localedir='${datarootdir}/locale'
localstatedir='${prefix}/var'
mandir='${datarootdir}/man'
mkdir_p='/bin/mkdir -p'
oldincludedir='/usr/include'
pdfdir='${docdir}'
pkgpyexecdir='${pyexecdir}/mcxx'
pkgpythondir='${pythondir}/mcxx'
prefix='/usr/local'
program_transform_name='s,x,x,'
psdir='${docdir}'
pyexecdir='${exec_prefix}/lib/python2.7/dist-packages'
pythondir='${prefix}/lib/python2.7/dist-packages'
sbindir='${exec_prefix}/sbin'
sharedstatedir='${prefix}/com'
sqlite3_CFLAGS=''
sqlite3_LIBS=''
superscalar_version='none'
sysconfdir='${prefix}/etc'
target='i686-pc-linux-gnu'
target_alias=''
target_cpu='i686'
target_os='linux-gnu'
target_vendor='pc'

## ----------- ##
## confdefs.h. ##
## ----------- ##

/* confdefs.h */
#define PACKAGE_NAME "mcxx"
#define PACKAGE_TARNAME "mcxx"
#define PACKAGE_VERSION "1.3.5.8"
#define PACKAGE_STRING "mcxx 1.3.5.8"
#define PACKAGE_BUGREPORT "rferrer@ac.upc.edu"
#define PACKAGE_URL ""
#define PACKAGE "mcxx"
#define VERSION "1.3.5.8"
#define STDC_HEADERS 1
#define HAVE_SYS_TYPES_H 1
#define HAVE_SYS_STAT_H 1
#define HAVE_STDLIB_H 1
#define HAVE_STRING_H 1
#define HAVE_MEMORY_H 1
#define HAVE_STRINGS_H 1
#define HAVE_INTTYPES_H 1
#define HAVE_STDINT_H 1
#define HAVE_UNISTD_H 1
#define HAVE_DLFCN_H 1
#define LT_OBJDIR ".libs/"
#define CUDA_DIR "/usr/local/cuda"
#define DEFAULT_TYPE_ENVIRONMENT "linux-i386"
#define STDC_HEADERS 1
#define HAVE_STDINT_H 1
#define HAVE_STRING_H 1
#define HAVE_OPEN_MEMSTREAM 1
#define HAVE_MALLINFO 1
#define HAVE_MKDTEMP 1
#define HAVE_STRSIGNAL 1
#define MCXX_BUILD_VERSION "git d23a791 2014-08-14 17:26:11 +0700 developer version"
#define MCXX_CONFIGURE_ARGS "./configure --no-create --no-recursion"

configure: exit 0

## ---------------------- ##
## Running config.status. ##
## ---------------------- ##

This file was extended by mcxx config.status 1.3.5.8, which was
generated by GNU Autoconf 2.68.  Invocation command line was

  CONFIG_FILES    = 
  CONFIG_HEADERS  = 
  CONFIG_LINKS    = 
  CONFIG_COMMANDS = 
  $ ./config.status 

on YGGDRASIL

config.status:1312: creating Makefile
config.status:1312: creating gnulib/Makefile
config.status:1312: creating lib/Makefile
config.status:1312: creating src/Makefile
config.status:1312: creating src/driver/Makefile
config.status:1312: creating src/driver/fortran/Makefile
config.status:1312: creating src/frontend/Makefile
config.status:1312: creating src/frontend/fortran/Makefile
config.status:1312: creating src/mcxx_tl/Makefile
config.status:1312: creating src/tl/Makefile
config.status:1312: creating src/tl/hlt/Makefile
config.status:1312: creating src/tl/gfn/Makefile
config.status:1312: creating src/tl/manip/Makefile
config.status:1312: creating src/tl/omp/Makefile
config.status:1312: creating src/tl/omp/core/Makefile
config.status:1312: creating src/tl/omp/fun-tasks/Makefile
config.status:1312: creating src/tl/omp/profile/Makefile
config.status:1312: creating src/tl/omp/ss2omp/Makefile
config.status:1312: creating src/tl/omp/nanos-common/Makefile
config.status:1312: creating src/tl/omp/nanox/Makefile
config.status:1312: creating src/tl/omp/nanox/devices/Makefile
config.status:1312: creating src/tl/omp/nanox/devices/common/Makefile
config.status:1312: creating src/tl/omp/nanox/devices/smp/Makefile
config.status:1312: creating src/tl/omp/nanox/devices/smp_numa/Makefile
config.status:1312: creating src/tl/omp/nanox/devices/smp_ocl/Makefile
config.status:1312: creating src/tl/omp/nanox/devices/cuda/Makefile
config.status:1312: creating src/tl/omp/nanox/devices/gpu/Makefile
config.status:1312: creating src/tl/omp/nanos4/Makefile
config.status:1312: creating src/tl/instr/Makefile
config.status:1312: creating src/tl/instr_pthreads/Makefile
config.status:1312: creating src/tl/stm_func/Makefile
config.status:1312: creating src/tl/testing/Makefile
config.status:1312: creating src/tl/testing/sizeof/Makefile
config.status:1312: creating src/tl/examples/Makefile
config.status:1312: creating src/tl/examples/basic_phase/Makefile
config.status:1312: creating src/tl/examples/parameters/Makefile
config.status:1312: creating src/tl/examples/mypragma/Makefile
config.status:1312: creating src/tl/examples/decl_closure/Makefile
config.status:1312: creating src/tl/examples/multifile_test/Makefile
config.status:1312: creating src/tl/superscalar/Makefile
config.status:1312: creating src/tl/ss_valgrind/Makefile
config.status:1312: creating config/Makefile
config.status:1312: creating tests/Makefile
config.status:1312: creating tests/config/Makefile
config.status:1312: creating tests/config/mercurium
config.status:1312: creating tests/config/mercurium-fortran
config.status:1312: creating tests/config/mercurium-libraries
config.status:1312: creating tests/config/mercurium-extensions
config.status:1312: creating tests/config/mercurium-omp
config.status:1312: creating tests/config/mercurium-simd
config.status:1312: creating tests/config/mercurium-nanox
config.status:1312: creating tests/config/mercurium-nanos4
config.status:1312: creating tests/config/mercurium-cuda
config.status:1312: creating tests/config/mercurium-ss
config.status:1312: creating tests/config/mercurium-ss2omp
config.status:1312: creating tests/config/mercurium-stm
config.status:1312: creating tests/config/bets
config.status:1312: creating tests/05_torture_cxx_1.dg/mercurium
config.status:1312: creating tests/05_torture_cxx_2.dg/mercurium
config.status:1312: creating tests/06_phases_hlt.dg/mercurium
config.status:1312: creating doc/Makefile
config.status:1312: creating doc/doxygen_tl
config.status:1312: creating scripts/Makefile
config.status:1312: creating config.h
config.status:1541: executing depfiles commands
config.status:1541: executing libtool commands

## ---------------------- ##
## Running config.status. ##
## ---------------------- ##

This file was extended by mcxx config.status 1.3.5.8, which was
generated by GNU Autoconf 2.68.  Invocation command line was

  CONFIG_FILES    = 
  CONFIG_HEADERS  = 
  CONFIG_LINKS    = 
  CONFIG_COMMANDS = 
  $ ./config.status config.h

on YGGDRASIL

config.status:1312: creating config.h
config.status:1493: config.h is unchanged

## ---------------------- ##
## Running config.status. ##
## ---------------------- ##

This file was extended by mcxx config.status 1.3.5.8, which was
generated by GNU Autoconf 2.68.  Invocation command line was

  CONFIG_FILES    = 
  CONFIG_HEADERS  = 
  CONFIG_LINKS    = 
  CONFIG_COMMANDS = 
  $ ./config.status tests/config/bets

on YGGDRASIL

config.status:1312: creating tests/config/bets
